2026-04-18 13:57:47,204 - authenticator.log - INFO - Creating certificate Object for the file Path: CHANGE THIS TO IDA PARTNER CERT PATH
2026-04-18 13:57:47,204 - authenticator.log - ERROR - Error Reading PEM file format. Error Message: Traceback (most recent call last):
  File "/home/mcjefd/cs145/mosip-test/env/lib/python3.12/site-packages/mosip_auth_sdk/_authenticator/utils/cryptoutil.py", line 74, in _get_certificate_obj
    with open(cert_path, "rb") as file:
         ^^^^^^^^^^^^^^^^^^^^^
FileNotFoundError: [Errno 2] No such file or directory: 'CHANGE THIS TO IDA PARTNER CERT PATH'

2026-04-18 13:57:47,205 - authenticator.log - ERROR - Error Reading both PEM/DER file format. Error: Traceback (most recent call last):
  File "/home/mcjefd/cs145/mosip-test/env/lib/python3.12/site-packages/mosip_auth_sdk/_authenticator/utils/cryptoutil.py", line 84, in _get_certificate_obj
    with open(cert_path, "rb") as file:
         ^^^^^^^^^^^^^^^^^^^^^
FileNotFoundError: [Errno 2] No such file or directory: 'CHANGE THIS TO IDA PARTNER CERT PATH'

2026-04-18 13:58:47,252 - authenticator.log - INFO - Creating certificate Object for the file Path: CHANGE THIS TO IDA PARTNER CERT PATH
2026-04-18 13:58:47,253 - authenticator.log - ERROR - Error Reading PEM file format. Error Message: Traceback (most recent call last):
  File "/home/mcjefd/cs145/mosip-test/env/lib/python3.12/site-packages/mosip_auth_sdk/_authenticator/utils/cryptoutil.py", line 74, in _get_certificate_obj
    with open(cert_path, "rb") as file:
         ^^^^^^^^^^^^^^^^^^^^^
FileNotFoundError: [Errno 2] No such file or directory: 'CHANGE THIS TO IDA PARTNER CERT PATH'

2026-04-18 13:58:47,253 - authenticator.log - ERROR - Error Reading both PEM/DER file format. Error: Traceback (most recent call last):
  File "/home/mcjefd/cs145/mosip-test/env/lib/python3.12/site-packages/mosip_auth_sdk/_authenticator/utils/cryptoutil.py", line 84, in _get_certificate_obj
    with open(cert_path, "rb") as file:
         ^^^^^^^^^^^^^^^^^^^^^
FileNotFoundError: [Errno 2] No such file or directory: 'CHANGE THIS TO IDA PARTNER CERT PATH'

2026-04-18 13:58:50,739 - authenticator.log - INFO - Creating certificate Object for the file Path: CHANGE THIS TO IDA PARTNER CERT PATH
2026-04-18 13:58:50,739 - authenticator.log - ERROR - Error Reading PEM file format. Error Message: Traceback (most recent call last):
  File "/home/mcjefd/cs145/mosip-test/env/lib/python3.12/site-packages/mosip_auth_sdk/_authenticator/utils/cryptoutil.py", line 74, in _get_certificate_obj
    with open(cert_path, "rb") as file:
         ^^^^^^^^^^^^^^^^^^^^^
FileNotFoundError: [Errno 2] No such file or directory: 'CHANGE THIS TO IDA PARTNER CERT PATH'

2026-04-18 13:58:50,739 - authenticator.log - ERROR - Error Reading both PEM/DER file format. Error: Traceback (most recent call last):
  File "/home/mcjefd/cs145/mosip-test/env/lib/python3.12/site-packages/mosip_auth_sdk/_authenticator/utils/cryptoutil.py", line 84, in _get_certificate_obj
    with open(cert_path, "rb") as file:
         ^^^^^^^^^^^^^^^^^^^^^
FileNotFoundError: [Errno 2] No such file or directory: 'CHANGE THIS TO IDA PARTNER CERT PATH'

2026-04-18 14:06:29,296 - authenticator.log - INFO - Creating certificate Object for the file Path: credentials/pdec_ida_partner.pem
2026-04-18 14:06:29,296 - authenticator.log - INFO - Cretificate Object Creation successful(PEM Format).
2026-04-18 14:06:29,296 - authenticator.log - INFO - Reading P12 file. File Path: credentials/keystore.p12
2026-04-18 14:06:29,476 - authenticator.log - INFO - Reading P12 file. File Path: credentials/keystore-signed.p12
2026-04-18 14:06:29,655 - authenticator.log - INFO - Creating JWK key for JWS signing.
2026-04-18 14:06:29,834 - authenticator.log - INFO - Received Auth Request for demographic.
2026-04-18 14:06:29,835 - authenticator.log - INFO - Request for Auth Data Encryption.
2026-04-18 14:06:29,835 - authenticator.log - INFO - Generating AES Key and encrypting Auth Data Completed.
2026-04-18 14:06:29,835 - authenticator.log - INFO - Encrypting Random AES Key Completed.
2026-04-18 14:06:29,835 - authenticator.log - INFO - Generation of SHA256 Hash for the Auth Data completed.
2026-04-18 14:06:29,835 - authenticator.log - INFO - Request for Sign Auth Request Data.
2026-04-18 14:06:30,012 - authenticator.log - INFO - Generation for JWS Signature completed.
2026-04-18 14:06:30,012 - authenticator.log - INFO - Got <POST> Request for URL: https://api-internal.pdec.mosip.net/idauthentication/v1
2026-04-18 14:06:33,519 - authenticator.log - INFO - Auth Request for Demographic Completed.
2026-04-18 14:09:56,573 - authenticator.log - INFO - Creating certificate Object for the file Path: credentials/pdec_ida_partner.pem
2026-04-18 14:09:56,575 - authenticator.log - INFO - Cretificate Object Creation successful(PEM Format).
2026-04-18 14:09:56,575 - authenticator.log - INFO - Reading P12 file. File Path: credentials/keystore.p12
2026-04-18 14:09:56,748 - authenticator.log - INFO - Reading P12 file. File Path: credentials/keystore-signed.p12
2026-04-18 14:09:56,924 - authenticator.log - INFO - Creating JWK key for JWS signing.
2026-04-18 14:09:57,109 - authenticator.log - INFO - Received Auth Request for demographic.
2026-04-18 14:09:57,110 - authenticator.log - INFO - Request for Auth Data Encryption.
2026-04-18 14:09:57,111 - authenticator.log - INFO - Generating AES Key and encrypting Auth Data Completed.
2026-04-18 14:09:57,111 - authenticator.log - INFO - Encrypting Random AES Key Completed.
2026-04-18 14:09:57,111 - authenticator.log - INFO - Generation of SHA256 Hash for the Auth Data completed.
2026-04-18 14:09:57,112 - authenticator.log - INFO - Request for Sign Auth Request Data.
2026-04-18 14:09:57,286 - authenticator.log - INFO - Generation for JWS Signature completed.
2026-04-18 14:09:57,287 - authenticator.log - INFO - Got <POST> Request for URL: https://api-internal.pdec.mosip.net/idauthentication/v1
2026-04-18 14:09:59,934 - authenticator.log - INFO - Auth Request for Demographic Completed.
2026-04-18 14:11:07,411 - authenticator.log - INFO - Creating certificate Object for the file Path: credentials/pdec_ida_partner.pem
2026-04-18 14:11:07,413 - authenticator.log - INFO - Cretificate Object Creation successful(PEM Format).
2026-04-18 14:11:07,413 - authenticator.log - INFO - Reading P12 file. File Path: credentials/keystore.p12
2026-04-18 14:11:07,588 - authenticator.log - INFO - Reading P12 file. File Path: credentials/keystore-signed.p12
2026-04-18 14:11:07,764 - authenticator.log - INFO - Creating JWK key for JWS signing.
2026-04-18 14:11:07,942 - authenticator.log - INFO - Received Auth Request for demographic.
2026-04-18 14:11:07,942 - authenticator.log - INFO - Request for Auth Data Encryption.
2026-04-18 14:11:07,943 - authenticator.log - INFO - Generating AES Key and encrypting Auth Data Completed.
2026-04-18 14:11:07,944 - authenticator.log - INFO - Encrypting Random AES Key Completed.
2026-04-18 14:11:07,944 - authenticator.log - INFO - Generation of SHA256 Hash for the Auth Data completed.
2026-04-18 14:11:07,944 - authenticator.log - INFO - Request for Sign Auth Request Data.
2026-04-18 14:11:08,116 - authenticator.log - INFO - Generation for JWS Signature completed.
2026-04-18 14:11:08,116 - authenticator.log - INFO - Got <POST> Request for URL: https://api-internal.pdec.mosip.net/idauthentication/v1
2026-04-18 14:11:13,174 - authenticator.log - INFO - Auth Request for Demographic Completed.
2026-04-26 15:31:20,950 - authenticator.log - INFO - Creating certificate Object for the file Path: credentials/pdec_ida_partner.pem
2026-04-26 15:31:20,953 - authenticator.log - INFO - Cretificate Object Creation successful(PEM Format).
2026-04-26 15:31:20,953 - authenticator.log - INFO - Reading P12 file. File Path: credentials/keystore.p12
2026-04-26 15:31:21,166 - authenticator.log - INFO - Reading P12 file. File Path: credentials/keystore-signed.p12
2026-04-26 15:31:21,386 - authenticator.log - INFO - Creating JWK key for JWS signing.
2026-04-26 15:31:21,601 - authenticator.log - INFO - Received Auth Request for demographic.
2026-04-26 15:31:21,603 - authenticator.log - INFO - Request for Auth Data Encryption.
2026-04-26 15:31:21,604 - authenticator.log - INFO - Generating AES Key and encrypting Auth Data Completed.
2026-04-26 15:31:21,605 - authenticator.log - INFO - Encrypting Random AES Key Completed.
2026-04-26 15:31:21,605 - authenticator.log - INFO - Generation of SHA256 Hash for the Auth Data completed.
2026-04-26 15:31:21,605 - authenticator.log - INFO - Request for Sign Auth Request Data.
2026-04-26 15:31:21,821 - authenticator.log - INFO - Generation for JWS Signature completed.
2026-04-26 15:31:21,821 - authenticator.log - INFO - Got <POST> Request for URL: https://api-internal.pdec.mosip.net/idauthentication/v1
2026-04-26 15:31:25,684 - authenticator.log - INFO - Auth Request for Demographic Completed.
2026-04-26 15:33:33,151 - authenticator.log - INFO - Creating certificate Object for the file Path: credentials/pdec_ida_partner.pem
2026-04-26 15:33:33,154 - authenticator.log - INFO - Cretificate Object Creation successful(PEM Format).
2026-04-26 15:33:33,154 - authenticator.log - INFO - Reading P12 file. File Path: credentials/keystore.p12
2026-04-26 15:33:33,365 - authenticator.log - INFO - Reading P12 file. File Path: credentials/keystore-signed.p12
2026-04-26 15:33:33,580 - authenticator.log - INFO - Creating JWK key for JWS signing.
2026-04-26 15:33:33,793 - authenticator.log - INFO - Received Auth Request for demographic.
2026-04-26 15:33:33,794 - authenticator.log - INFO - Request for Auth Data Encryption.
2026-04-26 15:33:33,796 - authenticator.log - INFO - Generating AES Key and encrypting Auth Data Completed.
2026-04-26 15:33:33,796 - authenticator.log - INFO - Encrypting Random AES Key Completed.
2026-04-26 15:33:33,796 - authenticator.log - INFO - Generation of SHA256 Hash for the Auth Data completed.
2026-04-26 15:33:33,797 - authenticator.log - INFO - Request for Sign Auth Request Data.
2026-04-26 15:33:34,003 - authenticator.log - INFO - Generation for JWS Signature completed.
2026-04-26 15:33:34,004 - authenticator.log - INFO - Got <POST> Request for URL: https://api-internal.pdec.mosip.net/idauthentication/v1
2026-04-26 15:33:52,910 - authenticator.log - INFO - Auth Request for Demographic Completed.
2026-04-26 15:33:52,913 - authenticator.log - INFO - Received Auth Request for demographic.
2026-04-26 15:33:52,914 - authenticator.log - INFO - Request for Auth Data Encryption.
2026-04-26 15:33:52,914 - authenticator.log - INFO - Generating AES Key and encrypting Auth Data Completed.
2026-04-26 15:33:52,914 - authenticator.log - INFO - Encrypting Random AES Key Completed.
2026-04-26 15:33:52,915 - authenticator.log - INFO - Generation of SHA256 Hash for the Auth Data completed.
2026-04-26 15:33:52,915 - authenticator.log - INFO - Request for Sign Auth Request Data.
2026-04-26 15:33:52,918 - authenticator.log - INFO - Generation for JWS Signature completed.
2026-04-26 15:33:52,918 - authenticator.log - INFO - Got <POST> Request for URL: https://api-internal.pdec.mosip.net/idauthentication/v1
2026-04-26 15:33:55,191 - authenticator.log - INFO - Auth Request for Demographic Completed.
2026-04-26 15:36:29,513 - authenticator.log - INFO - Creating certificate Object for the file Path: credentials/pdec_ida_partner.pem
2026-04-26 15:36:29,513 - authenticator.log - INFO - Cretificate Object Creation successful(PEM Format).
2026-04-26 15:36:29,513 - authenticator.log - INFO - Reading P12 file. File Path: credentials/keystore.p12
2026-04-26 15:36:29,720 - authenticator.log - INFO - Reading P12 file. File Path: credentials/keystore-signed.p12
2026-04-26 15:36:29,928 - authenticator.log - INFO - Creating JWK key for JWS signing.
2026-04-26 15:37:33,474 - authenticator.log - INFO - Creating certificate Object for the file Path: credentials/pdec_ida_partner.pem
2026-04-26 15:37:33,474 - authenticator.log - INFO - Cretificate Object Creation successful(PEM Format).
2026-04-26 15:37:33,474 - authenticator.log - INFO - Reading P12 file. File Path: credentials/keystore.p12
2026-04-26 15:37:33,679 - authenticator.log - INFO - Reading P12 file. File Path: credentials/keystore-signed.p12
2026-04-26 15:37:33,888 - authenticator.log - INFO - Creating JWK key for JWS signing.
2026-04-26 15:38:20,106 - authenticator.log - INFO - Creating certificate Object for the file Path: credentials/pdec_ida_partner.pem
2026-04-26 15:38:20,106 - authenticator.log - INFO - Cretificate Object Creation successful(PEM Format).
2026-04-26 15:38:20,107 - authenticator.log - INFO - Reading P12 file. File Path: credentials/keystore.p12
2026-04-26 15:38:20,315 - authenticator.log - INFO - Reading P12 file. File Path: credentials/keystore-signed.p12
2026-04-26 15:38:20,523 - authenticator.log - INFO - Creating JWK key for JWS signing.
2026-04-26 15:38:25,811 - authenticator.log - INFO - Creating certificate Object for the file Path: credentials/pdec_ida_partner.pem
2026-04-26 15:38:25,811 - authenticator.log - INFO - Cretificate Object Creation successful(PEM Format).
2026-04-26 15:38:25,811 - authenticator.log - INFO - Reading P12 file. File Path: credentials/keystore.p12
2026-04-26 15:38:26,019 - authenticator.log - INFO - Reading P12 file. File Path: credentials/keystore-signed.p12
2026-04-26 15:38:26,227 - authenticator.log - INFO - Creating JWK key for JWS signing.
2026-04-26 15:38:37,680 - authenticator.log - INFO - Creating certificate Object for the file Path: credentials/pdec_ida_partner.pem
2026-04-26 15:38:37,681 - authenticator.log - INFO - Cretificate Object Creation successful(PEM Format).
2026-04-26 15:38:37,681 - authenticator.log - INFO - Reading P12 file. File Path: credentials/keystore.p12
2026-04-26 15:38:37,888 - authenticator.log - INFO - Reading P12 file. File Path: credentials/keystore-signed.p12
2026-04-26 15:38:38,098 - authenticator.log - INFO - Creating JWK key for JWS signing.
2026-04-26 15:39:17,414 - authenticator.log - INFO - Creating certificate Object for the file Path: credentials/pdec_ida_partner.pem
2026-04-26 15:39:17,414 - authenticator.log - INFO - Cretificate Object Creation successful(PEM Format).
2026-04-26 15:39:17,414 - authenticator.log - INFO - Reading P12 file. File Path: credentials/keystore.p12
2026-04-26 15:39:17,623 - authenticator.log - INFO - Reading P12 file. File Path: credentials/keystore-signed.p12
2026-04-26 15:39:17,834 - authenticator.log - INFO - Creating JWK key for JWS signing.
2026-04-26 15:39:40,374 - authenticator.log - INFO - Creating certificate Object for the file Path: credentials/pdec_ida_partner.pem
2026-04-26 15:39:40,374 - authenticator.log - INFO - Cretificate Object Creation successful(PEM Format).
2026-04-26 15:39:40,374 - authenticator.log - INFO - Reading P12 file. File Path: credentials/keystore.p12
2026-04-26 15:39:40,585 - authenticator.log - INFO - Reading P12 file. File Path: credentials/keystore-signed.p12
2026-04-26 15:39:40,796 - authenticator.log - INFO - Creating JWK key for JWS signing.
2026-04-26 15:40:07,919 - authenticator.log - INFO - Creating certificate Object for the file Path: credentials/pdec_ida_partner.pem
2026-04-26 15:40:07,920 - authenticator.log - INFO - Cretificate Object Creation successful(PEM Format).
2026-04-26 15:40:07,922 - authenticator.log - INFO - Reading P12 file. File Path: credentials/keystore.p12
2026-04-26 15:40:08,131 - authenticator.log - INFO - Reading P12 file. File Path: credentials/keystore-signed.p12
2026-04-26 15:40:08,341 - authenticator.log - INFO - Creating JWK key for JWS signing.
2026-04-26 15:40:39,331 - authenticator.log - INFO - Creating certificate Object for the file Path: credentials/pdec_ida_partner.pem
2026-04-26 15:40:39,332 - authenticator.log - INFO - Cretificate Object Creation successful(PEM Format).
2026-04-26 15:40:39,332 - authenticator.log - INFO - Reading P12 file. File Path: credentials/keystore.p12
2026-04-26 15:40:39,542 - authenticator.log - INFO - Reading P12 file. File Path: credentials/keystore-signed.p12
2026-04-26 15:40:39,752 - authenticator.log - INFO - Creating JWK key for JWS signing.
2026-04-26 15:41:22,114 - authenticator.log - INFO - Creating certificate Object for the file Path: credentials/pdec_ida_partner.pem
2026-04-26 15:41:22,115 - authenticator.log - INFO - Cretificate Object Creation successful(PEM Format).
2026-04-26 15:41:22,115 - authenticator.log - INFO - Reading P12 file. File Path: credentials/keystore.p12
2026-04-26 15:41:22,320 - authenticator.log - INFO - Reading P12 file. File Path: credentials/keystore-signed.p12
2026-04-26 15:41:22,528 - authenticator.log - INFO - Creating JWK key for JWS signing.
2026-04-26 15:42:05,489 - authenticator.log - INFO - Creating certificate Object for the file Path: credentials/pdec_ida_partner.pem
2026-04-26 15:42:05,490 - authenticator.log - INFO - Cretificate Object Creation successful(PEM Format).
2026-04-26 15:42:05,490 - authenticator.log - INFO - Reading P12 file. File Path: credentials/keystore.p12
2026-04-26 15:42:05,741 - authenticator.log - INFO - Reading P12 file. File Path: credentials/keystore-signed.p12
2026-04-26 15:42:05,980 - authenticator.log - INFO - Creating JWK key for JWS signing.
2026-04-27 19:49:41,672 - authenticator.log - INFO - Creating certificate Object for the file Path: credentials/pdec_ida_partner.pem
2026-04-27 19:49:41,672 - authenticator.log - INFO - Cretificate Object Creation successful(PEM Format).
2026-04-27 19:49:41,673 - authenticator.log - INFO - Reading P12 file. File Path: credentials/keystore.p12
2026-04-27 19:49:41,862 - authenticator.log - INFO - Reading P12 file. File Path: credentials/keystore-signed.p12
2026-04-27 19:49:42,060 - authenticator.log - INFO - Creating JWK key for JWS signing.
2026-04-27 19:57:38,714 - authenticator.log - INFO - Received Auth Request for demographic.
2026-04-27 19:57:38,715 - authenticator.log - INFO - Request for Auth Data Encryption.
2026-04-27 19:57:38,715 - authenticator.log - INFO - Generating AES Key and encrypting Auth Data Completed.
2026-04-27 19:57:38,716 - authenticator.log - INFO - Encrypting Random AES Key Completed.
2026-04-27 19:57:38,716 - authenticator.log - INFO - Generation of SHA256 Hash for the Auth Data completed.
2026-04-27 19:57:38,716 - authenticator.log - INFO - Request for Sign Auth Request Data.
2026-04-27 19:57:38,905 - authenticator.log - INFO - Generation for JWS Signature completed.
2026-04-27 19:57:38,905 - authenticator.log - INFO - Got <POST> Request for URL: https://api-internal.pdec.mosip.net/idauthentication/v1
2026-04-27 19:59:54,114 - authenticator.log - INFO - Received Auth Request for demographic.
2026-04-27 19:59:54,115 - authenticator.log - INFO - Request for Auth Data Encryption.
2026-04-27 19:59:54,115 - authenticator.log - INFO - Generating AES Key and encrypting Auth Data Completed.
2026-04-27 19:59:54,115 - authenticator.log - INFO - Encrypting Random AES Key Completed.
2026-04-27 19:59:54,116 - authenticator.log - INFO - Generation of SHA256 Hash for the Auth Data completed.
2026-04-27 19:59:54,116 - authenticator.log - INFO - Request for Sign Auth Request Data.
2026-04-27 19:59:54,118 - authenticator.log - INFO - Generation for JWS Signature completed.
2026-04-27 19:59:54,118 - authenticator.log - INFO - Got <POST> Request for URL: https://api-internal.pdec.mosip.net/idauthentication/v1
2026-04-27 20:00:06,242 - authenticator.log - INFO - Auth Request for Demographic Completed.
2026-04-27 20:00:06,244 - authenticator.log - INFO - Received Auth Request for demographic.
2026-04-27 20:00:06,244 - authenticator.log - INFO - Request for Auth Data Encryption.
2026-04-27 20:00:06,244 - authenticator.log - INFO - Generating AES Key and encrypting Auth Data Completed.
2026-04-27 20:00:06,245 - authenticator.log - INFO - Encrypting Random AES Key Completed.
2026-04-27 20:00:06,245 - authenticator.log - INFO - Generation of SHA256 Hash for the Auth Data completed.
2026-04-27 20:00:06,245 - authenticator.log - INFO - Request for Sign Auth Request Data.
2026-04-27 20:00:06,246 - authenticator.log - INFO - Generation for JWS Signature completed.
2026-04-27 20:00:06,247 - authenticator.log - INFO - Got <POST> Request for URL: https://api-internal.pdec.mosip.net/idauthentication/v1
2026-04-27 20:00:07,912 - authenticator.log - INFO - Auth Request for Demographic Completed.
2026-04-27 20:00:45,852 - authenticator.log - INFO - Received Auth Request for demographic.
2026-04-27 20:00:45,853 - authenticator.log - INFO - Request for Auth Data Encryption.
2026-04-27 20:00:45,853 - authenticator.log - INFO - Generating AES Key and encrypting Auth Data Completed.
2026-04-27 20:00:45,853 - authenticator.log - INFO - Encrypting Random AES Key Completed.
2026-04-27 20:00:45,854 - authenticator.log - INFO - Generation of SHA256 Hash for the Auth Data completed.
2026-04-27 20:00:45,854 - authenticator.log - INFO - Request for Sign Auth Request Data.
2026-04-27 20:00:45,855 - authenticator.log - INFO - Generation for JWS Signature completed.
2026-04-27 20:00:45,855 - authenticator.log - INFO - Got <POST> Request for URL: https://api-internal.pdec.mosip.net/idauthentication/v1
2026-04-27 20:01:07,473 - authenticator.log - INFO - Auth Request for Demographic Completed.
2026-04-29 18:36:16,366 - authenticator.log - INFO - Creating certificate Object for the file Path: credentials/pdec_ida_partner.pem
2026-04-29 18:36:16,369 - authenticator.log - INFO - Cretificate Object Creation successful(PEM Format).
2026-04-29 18:36:16,369 - authenticator.log - INFO - Reading P12 file. File Path: credentials/keystore.p12
2026-04-29 18:36:16,556 - authenticator.log - INFO - Reading P12 file. File Path: credentials/keystore-signed.p12
2026-04-29 18:36:16,741 - authenticator.log - INFO - Creating JWK key for JWS signing.
2026-04-29 18:38:45,901 - authenticator.log - INFO - Creating certificate Object for the file Path: credentials/pdec_ida_partner.pem
2026-04-29 18:38:45,901 - authenticator.log - INFO - Cretificate Object Creation successful(PEM Format).
2026-04-29 18:38:45,901 - authenticator.log - INFO - Reading P12 file. File Path: credentials/keystore.p12
2026-04-29 18:38:46,086 - authenticator.log - INFO - Reading P12 file. File Path: credentials/keystore-signed.p12
2026-04-29 18:38:46,269 - authenticator.log - INFO - Creating JWK key for JWS signing.
2026-04-29 18:38:59,743 - authenticator.log - INFO - Creating certificate Object for the file Path: credentials/pdec_ida_partner.pem
2026-04-29 18:38:59,743 - authenticator.log - INFO - Cretificate Object Creation successful(PEM Format).
2026-04-29 18:38:59,744 - authenticator.log - INFO - Reading P12 file. File Path: credentials/keystore.p12
2026-04-29 18:38:59,930 - authenticator.log - INFO - Reading P12 file. File Path: credentials/keystore-signed.p12
2026-04-29 18:39:00,116 - authenticator.log - INFO - Creating JWK key for JWS signing.
2026-04-29 18:53:44,504 - authenticator.log - INFO - Creating certificate Object for the file Path: credentials/pdec_ida_partner.pem
2026-04-29 18:53:44,506 - authenticator.log - INFO - Cretificate Object Creation successful(PEM Format).
2026-04-29 18:53:44,506 - authenticator.log - INFO - Reading P12 file. File Path: credentials/keystore.p12
2026-04-29 18:53:45,658 - authenticator.log - INFO - Reading P12 file. File Path: credentials/keystore-signed.p12
2026-04-29 18:53:45,870 - authenticator.log - INFO - Creating JWK key for JWS signing.
2026-04-29 18:54:45,068 - authenticator.log - INFO - Request for Sign Auth Request Data.
2026-04-29 18:54:45,254 - authenticator.log - INFO - Generation for JWS Signature completed.
2026-04-29 18:54:45,254 - authenticator.log - INFO - Got <POST> Request for URL: https://api-internal.pdec.mosip.net/idauthentication/v1
2026-04-29 18:54:49,556 - authenticator.log - INFO - Auth Request for Demographic Completed.
2026-04-29 19:13:17,716 - authenticator.log - INFO - Creating certificate Object for the file Path: credentials/pdec_ida_partner.pem
2026-04-29 19:13:17,716 - authenticator.log - INFO - Cretificate Object Creation successful(PEM Format).
2026-04-29 19:13:17,716 - authenticator.log - INFO - Reading P12 file. File Path: credentials/keystore.p12
2026-04-29 19:13:17,897 - authenticator.log - INFO - Reading P12 file. File Path: credentials/keystore-signed.p12
2026-04-29 19:13:18,086 - authenticator.log - INFO - Creating JWK key for JWS signing.
2026-04-29 19:13:33,011 - authenticator.log - INFO - Request for Sign Auth Request Data.
2026-04-29 19:13:33,194 - authenticator.log - INFO - Generation for JWS Signature completed.
2026-04-29 19:13:33,195 - authenticator.log - INFO - Got <POST> Request for URL: https://api-internal.pdec.mosip.net/idauthentication/v1
2026-04-29 19:13:35,105 - authenticator.log - INFO - Auth Request for Demographic Completed.
2026-04-29 19:14:49,760 - authenticator.log - INFO - Received Auth Request for demographic.
2026-04-29 19:14:49,761 - authenticator.log - INFO - Request for Auth Data Encryption.
2026-04-29 19:14:49,762 - authenticator.log - INFO - Generating AES Key and encrypting Auth Data Completed.
2026-04-29 19:14:49,762 - authenticator.log - INFO - Encrypting Random AES Key Completed.
2026-04-29 19:14:49,762 - authenticator.log - INFO - Generation of SHA256 Hash for the Auth Data completed.
2026-04-29 19:14:49,762 - authenticator.log - INFO - Request for Sign Auth Request Data.
2026-04-29 19:14:49,764 - authenticator.log - INFO - Generation for JWS Signature completed.
2026-04-29 19:14:49,764 - authenticator.log - INFO - Got <POST> Request for URL: https://api-internal.pdec.mosip.net/idauthentication/v1
2026-04-29 19:15:11,560 - authenticator.log - INFO - Auth Request for Demographic Completed.
2026-04-29 19:15:28,319 - authenticator.log - INFO - Received Auth Request for demographic.
2026-04-29 19:15:28,320 - authenticator.log - INFO - Request for Auth Data Encryption.
2026-04-29 19:15:28,320 - authenticator.log - INFO - Generating AES Key and encrypting Auth Data Completed.
2026-04-29 19:15:28,320 - authenticator.log - INFO - Encrypting Random AES Key Completed.
2026-04-29 19:15:28,320 - authenticator.log - INFO - Generation of SHA256 Hash for the Auth Data completed.
2026-04-29 19:15:28,321 - authenticator.log - INFO - Request for Sign Auth Request Data.
2026-04-29 19:15:28,322 - authenticator.log - INFO - Generation for JWS Signature completed.
2026-04-29 19:15:28,322 - authenticator.log - INFO - Got <POST> Request for URL: https://api-internal.pdec.mosip.net/idauthentication/v1
2026-04-29 19:15:30,302 - authenticator.log - INFO - Auth Request for Demographic Completed.
2026-04-29 19:16:45,556 - authenticator.log - INFO - Received Auth Request for demographic.
2026-04-29 19:16:45,557 - authenticator.log - INFO - Request for Auth Data Encryption.
2026-04-29 19:16:45,557 - authenticator.log - INFO - Generating AES Key and encrypting Auth Data Completed.
2026-04-29 19:16:45,557 - authenticator.log - INFO - Encrypting Random AES Key Completed.
2026-04-29 19:16:45,557 - authenticator.log - INFO - Generation of SHA256 Hash for the Auth Data completed.
2026-04-29 19:16:45,557 - authenticator.log - INFO - Request for Sign Auth Request Data.
2026-04-29 19:16:45,559 - authenticator.log - INFO - Generation for JWS Signature completed.
2026-04-29 19:16:45,559 - authenticator.log - INFO - Got <POST> Request for URL: https://api-internal.pdec.mosip.net/idauthentication/v1
2026-04-29 19:16:47,190 - authenticator.log - INFO - Auth Request for Demographic Completed.
2026-04-29 19:16:59,491 - authenticator.log - INFO - Creating certificate Object for the file Path: credentials/pdec_ida_partner.pem
2026-04-29 19:16:59,492 - authenticator.log - INFO - Cretificate Object Creation successful(PEM Format).
2026-04-29 19:16:59,492 - authenticator.log - INFO - Reading P12 file. File Path: credentials/keystore.p12
2026-04-29 19:16:59,672 - authenticator.log - INFO - Reading P12 file. File Path: credentials/keystore-signed.p12
2026-04-29 19:16:59,854 - authenticator.log - INFO - Creating JWK key for JWS signing.
2026-04-29 19:17:10,520 - authenticator.log - INFO - Request for Sign Auth Request Data.
2026-04-29 19:17:10,705 - authenticator.log - INFO - Generation for JWS Signature completed.
2026-04-29 19:17:10,705 - authenticator.log - INFO - Got <POST> Request for URL: https://api-internal.pdec.mosip.net/idauthentication/v1
2026-04-29 19:17:12,513 - authenticator.log - INFO - Auth Request for Demographic Completed.
2026-04-29 19:17:40,648 - authenticator.log - INFO - Received Auth Request for demographic.
2026-04-29 19:17:40,648 - authenticator.log - INFO - Request for Auth Data Encryption.
2026-04-29 19:17:40,649 - authenticator.log - INFO - Generating AES Key and encrypting Auth Data Completed.
2026-04-29 19:17:40,649 - authenticator.log - INFO - Encrypting Random AES Key Completed.
2026-04-29 19:17:40,649 - authenticator.log - INFO - Generation of SHA256 Hash for the Auth Data completed.
2026-04-29 19:17:40,649 - authenticator.log - INFO - Request for Sign Auth Request Data.
2026-04-29 19:17:40,651 - authenticator.log - INFO - Generation for JWS Signature completed.
2026-04-29 19:17:40,651 - authenticator.log - INFO - Got <POST> Request for URL: https://api-internal.pdec.mosip.net/idauthentication/v1
2026-04-29 19:17:42,336 - authenticator.log - INFO - Auth Request for Demographic Completed.
2026-04-29 19:18:11,619 - authenticator.log - INFO - Received Auth Request for demographic.
2026-04-29 19:18:11,620 - authenticator.log - INFO - Request for Auth Data Encryption.
2026-04-29 19:18:11,620 - authenticator.log - INFO - Generating AES Key and encrypting Auth Data Completed.
2026-04-29 19:18:11,620 - authenticator.log - INFO - Encrypting Random AES Key Completed.
2026-04-29 19:18:11,620 - authenticator.log - INFO - Generation of SHA256 Hash for the Auth Data completed.
2026-04-29 19:18:11,620 - authenticator.log - INFO - Request for Sign Auth Request Data.
2026-04-29 19:18:11,622 - authenticator.log - INFO - Generation for JWS Signature completed.
2026-04-29 19:18:11,622 - authenticator.log - INFO - Got <POST> Request for URL: https://api-internal.pdec.mosip.net/idauthentication/v1
2026-04-29 19:18:13,455 - authenticator.log - INFO - Auth Request for Demographic Completed.
2026-04-29 19:18:25,110 - authenticator.log - INFO - Request for Sign Auth Request Data.
2026-04-29 19:18:25,112 - authenticator.log - INFO - Generation for JWS Signature completed.
2026-04-29 19:18:25,112 - authenticator.log - INFO - Got <POST> Request for URL: https://api-internal.pdec.mosip.net/idauthentication/v1
2026-04-29 19:18:27,073 - authenticator.log - INFO - Auth Request for Demographic Completed.
2026-04-29 19:18:50,174 - authenticator.log - INFO - Received Auth Request for demographic.
2026-04-29 19:18:50,174 - authenticator.log - INFO - Request for Auth Data Encryption.
2026-04-29 19:18:50,174 - authenticator.log - INFO - Generating AES Key and encrypting Auth Data Completed.
2026-04-29 19:18:50,174 - authenticator.log - INFO - Encrypting Random AES Key Completed.
2026-04-29 19:18:50,174 - authenticator.log - INFO - Generation of SHA256 Hash for the Auth Data completed.
2026-04-29 19:18:50,175 - authenticator.log - INFO - Request for Sign Auth Request Data.
2026-04-29 19:18:50,176 - authenticator.log - INFO - Generation for JWS Signature completed.
2026-04-29 19:18:50,176 - authenticator.log - INFO - Got <POST> Request for URL: https://api-internal.pdec.mosip.net/idauthentication/v1
2026-04-29 19:18:51,968 - authenticator.log - INFO - Auth Request for Demographic Completed.
2026-05-04 16:58:40,702 - authenticator.log - INFO - Creating certificate Object for the file Path: credentials/pdec_ida_partner.pem
2026-05-04 16:58:40,710 - authenticator.log - INFO - Cretificate Object Creation successful(PEM Format).
2026-05-04 16:58:40,711 - authenticator.log - INFO - Reading P12 file. File Path: credentials/keystore.p12
2026-05-04 16:58:41,126 - authenticator.log - INFO - Reading P12 file. File Path: credentials/keystore-signed.p12
2026-05-04 16:58:41,557 - authenticator.log - INFO - Creating JWK key for JWS signing.
2026-05-04 17:39:38,678 - authenticator.log - INFO - Request for Sign Auth Request Data.
2026-05-04 17:39:39,133 - authenticator.log - INFO - Generation for JWS Signature completed.
2026-05-04 17:39:39,133 - authenticator.log - INFO - Got <POST> Request for URL: https://api-internal.pdec.mosip.net/idauthentication/v1
2026-05-04 17:39:40,372 - authenticator.log - INFO - Auth Request for Demographic Completed.
2026-05-04 17:42:39,853 - authenticator.log - INFO - Request for Sign Auth Request Data.
2026-05-04 17:42:39,861 - authenticator.log - INFO - Generation for JWS Signature completed.
2026-05-04 17:42:39,862 - authenticator.log - INFO - Got <POST> Request for URL: https://api-internal.pdec.mosip.net/idauthentication/v1
2026-05-04 17:42:41,165 - authenticator.log - INFO - Auth Request for Demographic Completed.
2026-05-04 18:06:43,822 - authenticator.log - INFO - Request for Sign Auth Request Data.
2026-05-04 18:06:43,871 - authenticator.log - INFO - Generation for JWS Signature completed.
2026-05-04 18:06:43,871 - authenticator.log - INFO - Got <POST> Request for URL: https://api-internal.pdec.mosip.net/idauthentication/v1
2026-05-04 18:06:45,253 - authenticator.log - INFO - Auth Request for Demographic Completed.
2026-05-04 18:13:14,288 - authenticator.log - INFO - Creating certificate Object for the file Path: credentials/pdec_ida_partner.pem
2026-05-04 18:13:14,294 - authenticator.log - INFO - Cretificate Object Creation successful(PEM Format).
2026-05-04 18:13:14,298 - authenticator.log - INFO - Reading P12 file. File Path: credentials/keystore.p12
2026-05-04 18:13:15,093 - authenticator.log - INFO - Reading P12 file. File Path: credentials/keystore-signed.p12
2026-05-04 18:13:15,910 - authenticator.log - INFO - Creating JWK key for JWS signing.
2026-05-04 18:13:23,291 - authenticator.log - INFO - Request for Sign Auth Request Data.
2026-05-04 18:13:24,040 - authenticator.log - INFO - Generation for JWS Signature completed.
2026-05-04 18:13:24,046 - authenticator.log - INFO - Got <POST> Request for URL: https://api-internal.pdec.mosip.net/idauthentication/v1
2026-05-04 18:13:25,329 - authenticator.log - INFO - Auth Request for Demographic Completed.
2026-05-04 18:14:09,098 - authenticator.log - INFO - Creating certificate Object for the file Path: credentials/pdec_ida_partner.pem
2026-05-04 18:14:09,108 - authenticator.log - INFO - Cretificate Object Creation successful(PEM Format).
2026-05-04 18:14:09,110 - authenticator.log - INFO - Reading P12 file. File Path: credentials/keystore.p12
2026-05-04 18:14:09,952 - authenticator.log - INFO - Reading P12 file. File Path: credentials/keystore-signed.p12
2026-05-04 18:14:10,775 - authenticator.log - INFO - Creating JWK key for JWS signing.
2026-05-04 18:24:27,728 - authenticator.log - INFO - Request for Sign Auth Request Data.
2026-05-04 18:24:28,224 - authenticator.log - INFO - Generation for JWS Signature completed.
2026-05-04 18:24:28,225 - authenticator.log - INFO - Got <POST> Request for URL: https://api-internal.pdec.mosip.net/idauthentication/v1
2026-05-04 18:24:29,885 - authenticator.log - INFO - Auth Request for Demographic Completed.
2026-05-04 18:44:33,835 - authenticator.log - INFO - Creating certificate Object for the file Path: credentials/pdec_ida_partner.pem
2026-05-04 18:44:33,842 - authenticator.log - INFO - Cretificate Object Creation successful(PEM Format).
2026-05-04 18:44:33,843 - authenticator.log - INFO - Reading P12 file. File Path: credentials/keystore.p12
2026-05-04 18:44:34,305 - authenticator.log - INFO - Reading P12 file. File Path: credentials/keystore-signed.p12
2026-05-04 18:44:34,754 - authenticator.log - INFO - Creating JWK key for JWS signing.
2026-05-04 18:56:44,808 - authenticator.log - INFO - Creating certificate Object for the file Path: credentials/pdec_ida_partner.pem
2026-05-04 18:56:44,816 - authenticator.log - INFO - Cretificate Object Creation successful(PEM Format).
2026-05-04 18:56:44,817 - authenticator.log - INFO - Reading P12 file. File Path: credentials/keystore.p12
2026-05-04 18:56:45,666 - authenticator.log - INFO - Reading P12 file. File Path: credentials/keystore-signed.p12
2026-05-04 18:56:46,597 - authenticator.log - INFO - Creating JWK key for JWS signing.
2026-05-04 18:58:00,244 - authenticator.log - INFO - Request for Sign Auth Request Data.
2026-05-04 18:58:00,740 - authenticator.log - INFO - Generation for JWS Signature completed.
2026-05-04 18:58:00,740 - authenticator.log - INFO - Got <POST> Request for URL: https://api-internal.pdec.mosip.net/idauthentication/v1
2026-05-04 18:58:02,355 - authenticator.log - INFO - Auth Request for Demographic Completed.
2026-05-04 18:58:27,105 - authenticator.log - INFO - Received Auth Request for demographic.
2026-05-04 18:58:27,106 - authenticator.log - INFO - Request for Auth Data Encryption.
2026-05-04 18:58:27,107 - authenticator.log - INFO - Generating AES Key and encrypting Auth Data Completed.
2026-05-04 18:58:27,108 - authenticator.log - INFO - Encrypting Random AES Key Completed.
2026-05-04 18:58:27,108 - authenticator.log - INFO - Generation of SHA256 Hash for the Auth Data completed.
2026-05-04 18:58:27,108 - authenticator.log - INFO - Request for Sign Auth Request Data.
2026-05-04 18:58:27,116 - authenticator.log - INFO - Generation for JWS Signature completed.
2026-05-04 18:58:27,116 - authenticator.log - INFO - Got <POST> Request for URL: https://api-internal.pdec.mosip.net/idauthentication/v1
2026-05-04 18:58:28,110 - authenticator.log - INFO - Auth Request for Demographic Completed.
2026-05-04 19:14:31,603 - authenticator.log - INFO - Creating certificate Object for the file Path: credentials/pdec_ida_partner.pem
2026-05-04 19:14:31,606 - authenticator.log - INFO - Cretificate Object Creation successful(PEM Format).
2026-05-04 19:14:31,606 - authenticator.log - INFO - Reading P12 file. File Path: credentials/keystore.p12
2026-05-04 19:14:32,060 - authenticator.log - INFO - Reading P12 file. File Path: credentials/keystore-signed.p12
2026-05-04 19:14:32,507 - authenticator.log - INFO - Creating JWK key for JWS signing.
2026-05-05 04:42:36,416 - authenticator.log - INFO - Creating certificate Object for the file Path: credentials/pdec_ida_partner.pem
2026-05-05 04:42:36,423 - authenticator.log - INFO - Cretificate Object Creation successful(PEM Format).
2026-05-05 04:42:36,424 - authenticator.log - INFO - Reading P12 file. File Path: credentials/keystore.p12
2026-05-05 04:42:36,878 - authenticator.log - INFO - Reading P12 file. File Path: credentials/keystore-signed.p12
2026-05-05 04:42:37,346 - authenticator.log - INFO - Creating JWK key for JWS signing.
2026-05-05 05:21:36,067 - authenticator.log - INFO - Request for Sign Auth Request Data.
2026-05-05 05:21:36,489 - authenticator.log - INFO - Generation for JWS Signature completed.
2026-05-05 05:21:36,489 - authenticator.log - INFO - Got <POST> Request for URL: https://api-internal.pdec.mosip.net/idauthentication/v1
2026-05-05 05:21:38,177 - authenticator.log - INFO - Auth Request for Demographic Completed.
2026-05-05 05:21:57,544 - authenticator.log - INFO - Received Auth Request for demographic.
2026-05-05 05:21:57,545 - authenticator.log - INFO - Request for Auth Data Encryption.
2026-05-05 05:21:57,545 - authenticator.log - INFO - Generating AES Key and encrypting Auth Data Completed.
2026-05-05 05:21:57,546 - authenticator.log - INFO - Encrypting Random AES Key Completed.
2026-05-05 05:21:57,546 - authenticator.log - INFO - Generation of SHA256 Hash for the Auth Data completed.
2026-05-05 05:21:57,546 - authenticator.log - INFO - Request for Sign Auth Request Data.
2026-05-05 05:21:57,553 - authenticator.log - INFO - Generation for JWS Signature completed.
2026-05-05 05:21:57,554 - authenticator.log - INFO - Got <POST> Request for URL: https://api-internal.pdec.mosip.net/idauthentication/v1
2026-05-05 05:21:58,835 - authenticator.log - INFO - Auth Request for Demographic Completed.
2026-05-05 06:21:05,922 - authenticator.log - INFO - Creating certificate Object for the file Path: credentials/pdec_ida_partner.pem
2026-05-05 06:21:05,936 - authenticator.log - INFO - Cretificate Object Creation successful(PEM Format).
2026-05-05 06:21:05,939 - authenticator.log - INFO - Reading P12 file. File Path: credentials/keystore.p12
2026-05-05 06:21:06,469 - authenticator.log - INFO - Reading P12 file. File Path: credentials/keystore-signed.p12
2026-05-05 06:21:06,986 - authenticator.log - INFO - Creating JWK key for JWS signing.
2026-05-05 06:21:46,453 - authenticator.log - INFO - Request for Sign Auth Request Data.
2026-05-05 06:21:46,882 - authenticator.log - INFO - Generation for JWS Signature completed.
2026-05-05 06:21:46,885 - authenticator.log - INFO - Got <POST> Request for URL: https://api-internal.pdec.mosip.net/idauthentication/v1
2026-05-05 06:21:48,261 - authenticator.log - INFO - Auth Request for Demographic Completed.
2026-05-05 06:22:21,622 - authenticator.log - INFO - Received Auth Request for demographic.
2026-05-05 06:22:21,623 - authenticator.log - INFO - Request for Auth Data Encryption.
2026-05-05 06:22:21,624 - authenticator.log - INFO - Generating AES Key and encrypting Auth Data Completed.
2026-05-05 06:22:21,624 - authenticator.log - INFO - Encrypting Random AES Key Completed.
2026-05-05 06:22:21,624 - authenticator.log - INFO - Generation of SHA256 Hash for the Auth Data completed.
2026-05-05 06:22:21,624 - authenticator.log - INFO - Request for Sign Auth Request Data.
2026-05-05 06:22:21,634 - authenticator.log - INFO - Generation for JWS Signature completed.
2026-05-05 06:22:21,637 - authenticator.log - INFO - Got <POST> Request for URL: https://api-internal.pdec.mosip.net/idauthentication/v1
2026-05-05 06:22:42,128 - authenticator.log - INFO - Auth Request for Demographic Completed.
2026-05-05 06:35:54,223 - authenticator.log - INFO - Request for Sign Auth Request Data.
2026-05-05 06:35:54,236 - authenticator.log - INFO - Generation for JWS Signature completed.
2026-05-05 06:35:54,236 - authenticator.log - INFO - Got <POST> Request for URL: https://api-internal.pdec.mosip.net/idauthentication/v1
2026-05-05 06:35:55,484 - authenticator.log - INFO - Auth Request for Demographic Completed.
2026-05-05 06:36:24,720 - authenticator.log - INFO - Received Auth Request for demographic.
2026-05-05 06:36:24,721 - authenticator.log - INFO - Request for Auth Data Encryption.
2026-05-05 06:36:24,721 - authenticator.log - INFO - Generating AES Key and encrypting Auth Data Completed.
2026-05-05 06:36:24,722 - authenticator.log - INFO - Encrypting Random AES Key Completed.
2026-05-05 06:36:24,722 - authenticator.log - INFO - Generation of SHA256 Hash for the Auth Data completed.
2026-05-05 06:36:24,722 - authenticator.log - INFO - Request for Sign Auth Request Data.
2026-05-05 06:36:24,733 - authenticator.log - INFO - Generation for JWS Signature completed.
2026-05-05 06:36:24,736 - authenticator.log - INFO - Got <POST> Request for URL: https://api-internal.pdec.mosip.net/idauthentication/v1
2026-05-05 06:36:26,192 - authenticator.log - INFO - Auth Request for Demographic Completed.
2026-05-05 06:57:59,551 - authenticator.log - INFO - Creating certificate Object for the file Path: credentials/pdec_ida_partner.pem
2026-05-05 06:57:59,565 - authenticator.log - INFO - Cretificate Object Creation successful(PEM Format).
2026-05-05 06:57:59,566 - authenticator.log - INFO - Reading P12 file. File Path: credentials/keystore.p12
2026-05-05 06:58:00,057 - authenticator.log - INFO - Reading P12 file. File Path: credentials/keystore-signed.p12
2026-05-05 06:58:00,628 - authenticator.log - INFO - Creating JWK key for JWS signing.
2026-05-05 07:00:16,086 - authenticator.log - INFO - Request for Sign Auth Request Data.
2026-05-05 07:00:16,573 - authenticator.log - INFO - Generation for JWS Signature completed.
2026-05-05 07:00:16,574 - authenticator.log - INFO - Got <POST> Request for URL: https://api-internal.pdec.mosip.net/idauthentication/v1
2026-05-05 07:00:18,040 - authenticator.log - INFO - Auth Request for Demographic Completed.
2026-05-05 07:00:39,620 - authenticator.log - INFO - Received Auth Request for demographic.
2026-05-05 07:00:39,622 - authenticator.log - INFO - Request for Auth Data Encryption.
2026-05-05 07:00:39,623 - authenticator.log - INFO - Generating AES Key and encrypting Auth Data Completed.
2026-05-05 07:00:39,624 - authenticator.log - INFO - Encrypting Random AES Key Completed.
2026-05-05 07:00:39,625 - authenticator.log - INFO - Generation of SHA256 Hash for the Auth Data completed.
2026-05-05 07:00:39,625 - authenticator.log - INFO - Request for Sign Auth Request Data.
2026-05-05 07:00:39,634 - authenticator.log - INFO - Generation for JWS Signature completed.
2026-05-05 07:00:39,635 - authenticator.log - INFO - Got <POST> Request for URL: https://api-internal.pdec.mosip.net/idauthentication/v1
2026-05-05 07:00:40,922 - authenticator.log - INFO - Auth Request for Demographic Completed.
2026-05-05 07:01:42,805 - authenticator.log - INFO - Received Auth Request for demographic.
2026-05-05 07:01:42,805 - authenticator.log - INFO - Request for Auth Data Encryption.
2026-05-05 07:01:42,806 - authenticator.log - INFO - Generating AES Key and encrypting Auth Data Completed.
2026-05-05 07:01:42,807 - authenticator.log - INFO - Encrypting Random AES Key Completed.
2026-05-05 07:01:42,808 - authenticator.log - INFO - Generation of SHA256 Hash for the Auth Data completed.
2026-05-05 07:01:42,808 - authenticator.log - INFO - Request for Sign Auth Request Data.
2026-05-05 07:01:42,820 - authenticator.log - INFO - Generation for JWS Signature completed.
2026-05-05 07:01:42,821 - authenticator.log - INFO - Got <POST> Request for URL: https://api-internal.pdec.mosip.net/idauthentication/v1
2026-05-05 07:02:03,576 - authenticator.log - INFO - Auth Request for Demographic Completed.
2026-05-05 07:02:14,707 - authenticator.log - INFO - Request for Sign Auth Request Data.
2026-05-05 07:02:14,719 - authenticator.log - INFO - Generation for JWS Signature completed.
2026-05-05 07:02:14,719 - authenticator.log - INFO - Got <POST> Request for URL: https://api-internal.pdec.mosip.net/idauthentication/v1
2026-05-05 07:02:15,950 - authenticator.log - INFO - Auth Request for Demographic Completed.
2026-05-05 07:02:36,037 - authenticator.log - INFO - Received Auth Request for demographic.
2026-05-05 07:02:36,038 - authenticator.log - INFO - Request for Auth Data Encryption.
2026-05-05 07:02:36,038 - authenticator.log - INFO - Generating AES Key and encrypting Auth Data Completed.
2026-05-05 07:02:36,039 - authenticator.log - INFO - Encrypting Random AES Key Completed.
2026-05-05 07:02:36,040 - authenticator.log - INFO - Generation of SHA256 Hash for the Auth Data completed.
2026-05-05 07:02:36,040 - authenticator.log - INFO - Request for Sign Auth Request Data.
2026-05-05 07:02:36,052 - authenticator.log - INFO - Generation for JWS Signature completed.
2026-05-05 07:02:36,053 - authenticator.log - INFO - Got <POST> Request for URL: https://api-internal.pdec.mosip.net/idauthentication/v1
2026-05-05 07:02:37,158 - authenticator.log - INFO - Auth Request for Demographic Completed.
2026-05-05 07:12:12,205 - authenticator.log - INFO - Request for Sign Auth Request Data.
2026-05-05 07:12:12,215 - authenticator.log - INFO - Generation for JWS Signature completed.
2026-05-05 07:12:12,216 - authenticator.log - INFO - Got <POST> Request for URL: https://api-internal.pdec.mosip.net/idauthentication/v1
2026-05-05 07:12:13,570 - authenticator.log - INFO - Auth Request for Demographic Completed.
2026-05-05 07:12:42,787 - authenticator.log - INFO - Received Auth Request for demographic.
2026-05-05 07:12:42,789 - authenticator.log - INFO - Request for Auth Data Encryption.
2026-05-05 07:12:42,790 - authenticator.log - INFO - Generating AES Key and encrypting Auth Data Completed.
2026-05-05 07:12:42,790 - authenticator.log - INFO - Encrypting Random AES Key Completed.
2026-05-05 07:12:42,792 - authenticator.log - INFO - Generation of SHA256 Hash for the Auth Data completed.
2026-05-05 07:12:42,792 - authenticator.log - INFO - Request for Sign Auth Request Data.
2026-05-05 07:12:42,802 - authenticator.log - INFO - Generation for JWS Signature completed.
2026-05-05 07:12:42,803 - authenticator.log - INFO - Got <POST> Request for URL: https://api-internal.pdec.mosip.net/idauthentication/v1
2026-05-05 07:12:44,129 - authenticator.log - INFO - Auth Request for Demographic Completed.
2026-05-05 07:16:21,976 - authenticator.log - INFO - Creating certificate Object for the file Path: credentials/pdec_ida_partner.pem
2026-05-05 07:16:21,978 - authenticator.log - INFO - Cretificate Object Creation successful(PEM Format).
2026-05-05 07:16:21,979 - authenticator.log - INFO - Reading P12 file. File Path: credentials/keystore.p12
2026-05-05 07:16:22,365 - authenticator.log - INFO - Reading P12 file. File Path: credentials/keystore-signed.p12
2026-05-05 07:16:22,765 - authenticator.log - INFO - Creating JWK key for JWS signing.
2026-05-05 07:16:33,987 - authenticator.log - INFO - Request for Sign Auth Request Data.
2026-05-05 07:16:34,450 - authenticator.log - INFO - Generation for JWS Signature completed.
2026-05-05 07:16:34,451 - authenticator.log - INFO - Got <POST> Request for URL: https://api-internal.pdec.mosip.net/idauthentication/v1
2026-05-05 07:16:35,331 - authenticator.log - INFO - Auth Request for Demographic Completed.
2026-05-05 07:18:30,563 - authenticator.log - INFO - Received Auth Request for demographic.
2026-05-05 07:18:30,564 - authenticator.log - INFO - Request for Auth Data Encryption.
2026-05-05 07:18:30,565 - authenticator.log - INFO - Generating AES Key and encrypting Auth Data Completed.
2026-05-05 07:18:30,566 - authenticator.log - INFO - Encrypting Random AES Key Completed.
2026-05-05 07:18:30,567 - authenticator.log - INFO - Generation of SHA256 Hash for the Auth Data completed.
2026-05-05 07:18:30,568 - authenticator.log - INFO - Request for Sign Auth Request Data.
2026-05-05 07:18:30,582 - authenticator.log - INFO - Generation for JWS Signature completed.
2026-05-05 07:18:30,589 - authenticator.log - INFO - Got <POST> Request for URL: https://api-internal.pdec.mosip.net/idauthentication/v1
2026-05-05 07:18:51,229 - authenticator.log - INFO - Auth Request for Demographic Completed.
2026-05-05 07:31:32,957 - authenticator.log - INFO - Creating certificate Object for the file Path: credentials/pdec_ida_partner.pem
2026-05-05 07:31:32,963 - authenticator.log - INFO - Cretificate Object Creation successful(PEM Format).
2026-05-05 07:31:32,964 - authenticator.log - INFO - Reading P12 file. File Path: credentials/keystore.p12
2026-05-05 07:31:33,408 - authenticator.log - INFO - Reading P12 file. File Path: credentials/keystore-signed.p12
2026-05-05 07:31:33,817 - authenticator.log - INFO - Creating JWK key for JWS signing.
2026-05-05 07:37:17,484 - authenticator.log - INFO - Request for Sign Auth Request Data.
2026-05-05 07:37:18,015 - authenticator.log - INFO - Generation for JWS Signature completed.
2026-05-05 07:37:18,016 - authenticator.log - INFO - Got <POST> Request for URL: https://api-internal.pdec.mosip.net/idauthentication/v1
2026-05-05 07:37:19,515 - authenticator.log - INFO - Auth Request for Demographic Completed.
2026-05-05 07:38:10,933 - authenticator.log - INFO - Received Auth Request for demographic.
2026-05-05 07:38:10,934 - authenticator.log - INFO - Request for Auth Data Encryption.
2026-05-05 07:38:10,936 - authenticator.log - INFO - Generating AES Key and encrypting Auth Data Completed.
2026-05-05 07:38:10,937 - authenticator.log - INFO - Encrypting Random AES Key Completed.
2026-05-05 07:38:10,937 - authenticator.log - INFO - Generation of SHA256 Hash for the Auth Data completed.
2026-05-05 07:38:10,938 - authenticator.log - INFO - Request for Sign Auth Request Data.
2026-05-05 07:38:10,947 - authenticator.log - INFO - Generation for JWS Signature completed.
2026-05-05 07:38:10,948 - authenticator.log - INFO - Got <POST> Request for URL: https://api-internal.pdec.mosip.net/idauthentication/v1
2026-05-05 07:38:31,694 - authenticator.log - INFO - Auth Request for Demographic Completed.
